{"numFailedTestSuites":0,"numFailedTests":0,"numPassedTestSuites":4,"numPassedTests":34,"numPendingTestSuites":0,"numPendingTests":0,"numRuntimeErrorTestSuites":0,"numTodoTests":0,"numTotalTestSuites":4,"numTotalTests":34,"openHandles":[],"snapshot":{"added":0,"didUpdate":false,"failure":false,"filesAdded":0,"filesRemoved":0,"filesRemovedList":[],"filesUnmatched":0,"filesUpdated":0,"matched":15,"total":15,"unchecked":0,"uncheckedKeysByFile":[],"unmatched":0,"updated":0},"startTime":1573503217456,"success":true,"testResults":[{"assertionResults":[{"ancestorTitles":["utils","createClassNames"],"failureMessages":[],"fullName":"utils createClassNames expect to return classNames","location":null,"status":"passed","title":"expect to return classNames"},{"ancestorTitles":["utils","createClassNames"],"failureMessages":[],"fullName":"utils createClassNames expect to return classNames with custom prefix","location":null,"status":"passed","title":"expect to return classNames with custom prefix"},{"ancestorTitles":["utils","isSpecialClick"],"failureMessages":[],"fullName":"utils isSpecialClick returns true if a modifier key is pressed","location":null,"status":"passed","title":"returns true if a modifier key is pressed"},{"ancestorTitles":["utils","isSpecialClick"],"failureMessages":[],"fullName":"utils isSpecialClick returns true if it's a middle click","location":null,"status":"passed","title":"returns true if it's a middle click"},{"ancestorTitles":["utils","isSpecialClick"],"failureMessages":[],"fullName":"utils isSpecialClick returns false otherwise","location":null,"status":"passed","title":"returns false otherwise"},{"ancestorTitles":["utils","capitalize"],"failureMessages":[],"fullName":"utils capitalize capitalizes a string","location":null,"status":"passed","title":"capitalizes a string"},{"ancestorTitles":["utils","capitalize"],"failureMessages":[],"fullName":"utils capitalize works with empty strings","location":null,"status":"passed","title":"works with empty strings"},{"ancestorTitles":["utils","range"],"failureMessages":[],"fullName":"utils range with end","location":null,"status":"passed","title":"with end"},{"ancestorTitles":["utils","range"],"failureMessages":[],"fullName":"utils range with start and end","location":null,"status":"passed","title":"with start and end"},{"ancestorTitles":["utils","range"],"failureMessages":[],"fullName":"utils range with end and step","location":null,"status":"passed","title":"with end and step"},{"ancestorTitles":["utils","range"],"failureMessages":[],"fullName":"utils range rounds decimal array lengths","location":null,"status":"passed","title":"rounds decimal array lengths"},{"ancestorTitles":["utils","find"],"failureMessages":[],"fullName":"utils find returns the first match based on the comparator","location":null,"status":"passed","title":"returns the first match based on the comparator"},{"ancestorTitles":["utils","find"],"failureMessages":[],"fullName":"utils find returns undefined in non-found cases","location":null,"status":"passed","title":"returns undefined in non-found cases"},{"ancestorTitles":["utils","escapeRegExp"],"failureMessages":[],"fullName":"utils escapeRegExp escapes regExp chars","location":null,"status":"passed","title":"escapes regExp chars"},{"ancestorTitles":["utils","extractInputEventsFromProps"],"failureMessages":[],"fullName":"utils extractInputEventsFromProps should return all events except the internal ones","location":null,"status":"passed","title":"should return all events except the internal ones"}],"endTime":1573503219021,"message":"","name":"/Users/pedroferreira/Sources/react-vision/packages/react-vision-dom/src/core/__tests__/utils.js","startTime":1573503218133,"status":"passed","summary":""},{"assertionResults":[{"ancestorTitles":["Hits"],"failureMessages":[],"fullName":"Hits accepts a hit prop","location":null,"status":"passed","title":"accepts a hit prop"},{"ancestorTitles":["Hits"],"failureMessages":[],"fullName":"Hits accepts a custom className","location":null,"status":"passed","title":"accepts a custom className"}],"endTime":1573503219109,"message":"","name":"/Users/pedroferreira/Sources/react-vision/packages/react-vision-dom/src/components/__tests__/Hits.test.tsx","startTime":1573503218141,"status":"passed","summary":""},{"assertionResults":[{"ancestorTitles":["SearchBox"],"failureMessages":[],"fullName":"SearchBox applies its default props","location":null,"status":"passed","title":"applies its default props"}],"endTime":1573503219206,"message":"","name":"/Users/pedroferreira/Sources/react-vision/packages/react-vision-dom/src/components/__tests__/AutoComplete.test.tsx","startTime":1573503218155,"status":"passed","summary":""},{"assertionResults":[{"ancestorTitles":["SearchBox"],"failureMessages":[],"fullName":"SearchBox applies its default props","location":null,"status":"passed","title":"applies its default props"},{"ancestorTitles":["SearchBox"],"failureMessages":[],"fullName":"SearchBox applies its default props with custom className","location":null,"status":"passed","title":"applies its default props with custom className"},{"ancestorTitles":["SearchBox"],"failureMessages":[],"fullName":"SearchBox applies its default props with custom style","location":null,"status":"passed","title":"applies its default props with custom style"},{"ancestorTitles":["SearchBox"],"failureMessages":[],"fullName":"SearchBox transfers the autoFocus prop to the underlying input element","location":null,"status":"passed","title":"transfers the autoFocus prop to the underlying input element"},{"ancestorTitles":["SearchBox"],"failureMessages":[],"fullName":"SearchBox transfers the disabled prop to the underlying input element","location":null,"status":"passed","title":"transfers the disabled prop to the underlying input element"},{"ancestorTitles":["SearchBox"],"failureMessages":[],"fullName":"SearchBox treats its query prop as its input value","location":null,"status":"passed","title":"treats its query prop as its input value"},{"ancestorTitles":["SearchBox"],"failureMessages":[],"fullName":"SearchBox lets you customize its theme","location":null,"status":"passed","title":"lets you customize its theme"},{"ancestorTitles":["SearchBox"],"failureMessages":[],"fullName":"SearchBox lets you give custom components for clear and submit","location":null,"status":"passed","title":"lets you give custom components for clear and submit"},{"ancestorTitles":["SearchBox"],"failureMessages":[],"fullName":"SearchBox lets you customize its translations","location":null,"status":"passed","title":"lets you customize its translations"},{"ancestorTitles":["SearchBox"],"failureMessages":[],"fullName":"SearchBox should render the loader if showLoadingIndicator is true","location":null,"status":"passed","title":"should render the loader if showLoadingIndicator is true"},{"ancestorTitles":["SearchBox"],"failureMessages":[],"fullName":"SearchBox treats query as a default value when searchAsYouType=false","location":null,"status":"passed","title":"treats query as a default value when searchAsYouType=false"},{"ancestorTitles":["SearchBox"],"failureMessages":[],"fullName":"SearchBox refines its value on change when searchAsYouType=true","location":null,"status":"passed","title":"refines its value on change when searchAsYouType=true"},{"ancestorTitles":["SearchBox"],"failureMessages":[],"fullName":"SearchBox only refines its query on submit when searchAsYouType=false","location":null,"status":"passed","title":"only refines its query on submit when searchAsYouType=false"},{"ancestorTitles":["SearchBox"],"failureMessages":[],"fullName":"SearchBox onSubmit behavior should be override if provided as props","location":null,"status":"passed","title":"onSubmit behavior should be override if provided as props"},{"ancestorTitles":["SearchBox"],"failureMessages":[],"fullName":"SearchBox focuses the input when one of the keys in focusShortcuts is pressed","location":null,"status":"passed","title":"focuses the input when one of the keys in focusShortcuts is pressed"},{"ancestorTitles":["SearchBox"],"failureMessages":[],"fullName":"SearchBox should accept `on*` events","location":null,"status":"passed","title":"should accept `on*` events"}],"endTime":1573503219287,"message":"","name":"/Users/pedroferreira/Sources/react-vision/packages/react-vision-dom/src/components/__tests__/SearchBox.test.tsx","startTime":1573503218114,"status":"passed","summary":""}],"wasInterrupted":false}